Analysis & Synthesis report for exp7
Sun May 21 16:56:38 2023
Quartus II 64-Bit Version 13.1.0 Build 162 10/23/2013 SJ Full Version


---------------------
; Table of Contents ;
---------------------
  1. Legal Notice
  2. Analysis & Synthesis Summary
  3. Analysis & Synthesis Settings
  4. Parallel Compilation
  5. Analysis & Synthesis Source Files Read
  6. Analysis & Synthesis Resource Usage Summary
  7. Analysis & Synthesis Resource Utilization by Entity
  8. Analysis & Synthesis RAM Summary
  9. General Register Statistics
 10. Inverted Register Statistics
 11. Multiplexer Restructuring Statistics (Restructuring Performed)
 12. Source assignments for LPM_ROM:inst|altrom:srom|altsyncram:rom_block|altsyncram_luv:auto_generated
 13. Parameter Settings for User Entity Instance: LPM_ROM:inst
 14. Elapsed Time Per Partition
 15. Analysis & Synthesis Messages
 16. Analysis & Synthesis Suppressed Messages



----------------
; Legal Notice ;
----------------
Copyright (C) 1991-2013 Altera Corporation
Your use of Altera Corporation's design tools, logic functions 
and other software and tools, and its AMPP partner logic 
functions, and any output files from any of the foregoing 
(including device programming or simulation files), and any 
associated documentation or information are expressly subject 
to the terms and conditions of the Altera Program License 
Subscription Agreement, Altera MegaCore Function License 
Agreement, or other applicable license agreement, including, 
without limitation, that your use is for the sole purpose of 
programming logic devices manufactured by Altera and sold by 
Altera or its authorized distributors.  Please refer to the 
applicable agreement for further details.



+----------------------------------------------------------------------------------+
; Analysis & Synthesis Summary                                                     ;
+------------------------------------+---------------------------------------------+
; Analysis & Synthesis Status        ; Successful - Sun May 21 16:56:38 2023       ;
; Quartus II 64-Bit Version          ; 13.1.0 Build 162 10/23/2013 SJ Full Version ;
; Revision Name                      ; exp7                                        ;
; Top-level Entity Name              ; exp7                                        ;
; Family                             ; Cyclone III                                 ;
; Total logic elements               ; 205                                         ;
;     Total combinational functions  ; 205                                         ;
;     Dedicated logic registers      ; 98                                          ;
; Total registers                    ; 98                                          ;
; Total pins                         ; 48                                          ;
; Total virtual pins                 ; 0                                           ;
; Total memory bits                  ; 4,096                                       ;
; Embedded Multiplier 9-bit elements ; 0                                           ;
; Total PLLs                         ; 0                                           ;
+------------------------------------+---------------------------------------------+


+----------------------------------------------------------------------------------------------------------------------+
; Analysis & Synthesis Settings                                                                                        ;
+----------------------------------------------------------------------------+--------------------+--------------------+
; Option                                                                     ; Setting            ; Default Value      ;
+----------------------------------------------------------------------------+--------------------+--------------------+
; Device                                                                     ; EP3C40F780C8       ;                    ;
; Top-level entity name                                                      ; exp7               ; exp7               ;
; Family name                                                                ; Cyclone III        ; Cyclone IV GX      ;
; Use smart compilation                                                      ; Off                ; Off                ;
; Enable parallel Assembler and TimeQuest Timing Analyzer during compilation ; On                 ; On                 ;
; Enable compact report table                                                ; Off                ; Off                ;
; Restructure Multiplexers                                                   ; Auto               ; Auto               ;
; Create Debugging Nodes for IP Cores                                        ; Off                ; Off                ;
; Preserve fewer node names                                                  ; On                 ; On                 ;
; Disable OpenCore Plus hardware evaluation                                  ; Off                ; Off                ;
; Verilog Version                                                            ; Verilog_2001       ; Verilog_2001       ;
; VHDL Version                                                               ; VHDL_1993          ; VHDL_1993          ;
; State Machine Processing                                                   ; Auto               ; Auto               ;
; Safe State Machine                                                         ; Off                ; Off                ;
; Extract Verilog State Machines                                             ; On                 ; On                 ;
; Extract VHDL State Machines                                                ; On                 ; On                 ;
; Ignore Verilog initial constructs                                          ; Off                ; Off                ;
; Iteration limit for constant Verilog loops                                 ; 5000               ; 5000               ;
; Iteration limit for non-constant Verilog loops                             ; 250                ; 250                ;
; Add Pass-Through Logic to Inferred RAMs                                    ; On                 ; On                 ;
; Infer RAMs from Raw Logic                                                  ; On                 ; On                 ;
; Parallel Synthesis                                                         ; On                 ; On                 ;
; DSP Block Balancing                                                        ; Auto               ; Auto               ;
; NOT Gate Push-Back                                                         ; On                 ; On                 ;
; Power-Up Don't Care                                                        ; On                 ; On                 ;
; Remove Redundant Logic Cells                                               ; Off                ; Off                ;
; Remove Duplicate Registers                                                 ; On                 ; On                 ;
; Ignore CARRY Buffers                                                       ; Off                ; Off                ;
; Ignore CASCADE Buffers                                                     ; Off                ; Off                ;
; Ignore GLOBAL Buffers                                                      ; Off                ; Off                ;
; Ignore ROW GLOBAL Buffers                                                  ; Off                ; Off                ;
; Ignore LCELL Buffers                                                       ; Off                ; Off                ;
; Ignore SOFT Buffers                                                        ; On                 ; On                 ;
; Limit AHDL Integers to 32 Bits                                             ; Off                ; Off                ;
; Optimization Technique                                                     ; Balanced           ; Balanced           ;
; Carry Chain Length                                                         ; 70                 ; 70                 ;
; Auto Carry Chains                                                          ; On                 ; On                 ;
; Auto Open-Drain Pins                                                       ; On                 ; On                 ;
; Perform WYSIWYG Primitive Resynthesis                                      ; Off                ; Off                ;
; Auto ROM Replacement                                                       ; On                 ; On                 ;
; Auto RAM Replacement                                                       ; On                 ; On                 ;
; Auto DSP Block Replacement                                                 ; On                 ; On                 ;
; Auto Shift Register Replacement                                            ; Auto               ; Auto               ;
; Allow Shift Register Merging across Hierarchies                            ; Auto               ; Auto               ;
; Auto Clock Enable Replacement                                              ; On                 ; On                 ;
; Strict RAM Replacement                                                     ; Off                ; Off                ;
; Allow Synchronous Control Signals                                          ; On                 ; On                 ;
; Force Use of Synchronous Clear Signals                                     ; Off                ; Off                ;
; Auto RAM Block Balancing                                                   ; On                 ; On                 ;
; Auto RAM to Logic Cell Conversion                                          ; Off                ; Off                ;
; Auto Resource Sharing                                                      ; Off                ; Off                ;
; Allow Any RAM Size For Recognition                                         ; Off                ; Off                ;
; Allow Any ROM Size For Recognition                                         ; Off                ; Off                ;
; Allow Any Shift Register Size For Recognition                              ; Off                ; Off                ;
; Use LogicLock Constraints during Resource Balancing                        ; On                 ; On                 ;
; Ignore translate_off and synthesis_off directives                          ; Off                ; Off                ;
; Timing-Driven Synthesis                                                    ; On                 ; On                 ;
; Report Parameter Settings                                                  ; On                 ; On                 ;
; Report Source Assignments                                                  ; On                 ; On                 ;
; Report Connectivity Checks                                                 ; On                 ; On                 ;
; Ignore Maximum Fan-Out Assignments                                         ; Off                ; Off                ;
; Synchronization Register Chain Length                                      ; 2                  ; 2                  ;
; PowerPlay Power Optimization                                               ; Normal compilation ; Normal compilation ;
; HDL message level                                                          ; Level2             ; Level2             ;
; Suppress Register Optimization Related Messages                            ; Off                ; Off                ;
; Number of Removed Registers Reported in Synthesis Report                   ; 5000               ; 5000               ;
; Number of Swept Nodes Reported in Synthesis Report                         ; 5000               ; 5000               ;
; Number of Inverted Registers Reported in Synthesis Report                  ; 100                ; 100                ;
; Clock MUX Protection                                                       ; On                 ; On                 ;
; Auto Gated Clock Conversion                                                ; Off                ; Off                ;
; Block Design Naming                                                        ; Auto               ; Auto               ;
; SDC constraint protection                                                  ; Off                ; Off                ;
; Synthesis Effort                                                           ; Auto               ; Auto               ;
; Shift Register Replacement - Allow Asynchronous Clear Signal               ; On                 ; On                 ;
; Pre-Mapping Resynthesis Optimization                                       ; Off                ; Off                ;
; Analysis & Synthesis Message Level                                         ; Medium             ; Medium             ;
; Disable Register Merging Across Hierarchies                                ; Auto               ; Auto               ;
; Resource Aware Inference For Block RAM                                     ; On                 ; On                 ;
; Synthesis Seed                                                             ; 1                  ; 1                  ;
+----------------------------------------------------------------------------+--------------------+--------------------+


+------------------------------------------+
; Parallel Compilation                     ;
+----------------------------+-------------+
; Processors                 ; Number      ;
+----------------------------+-------------+
; Number detected on machine ; 8           ;
; Maximum allowed            ; 4           ;
;                            ;             ;
; Average used               ; 1.00        ;
; Maximum used               ; 1           ;
;                            ;             ;
; Usage by Processor         ; % Time Used ;
;     Processor 1            ; 100.0%      ;
;     Processors 2-8         ;   0.0%      ;
+----------------------------+-------------+


+--------------------------------------------------------------------------------------------------------------------------------------------------------------------------+
; Analysis & Synthesis Source Files Read                                                                                                                                   ;
+----------------------------------+-----------------+------------------------------------+----------------------------------------------------------------------+---------+
; File Name with User-Entered Path ; Used in Netlist ; File Type                          ; File Name with Absolute Path                                         ; Library ;
+----------------------------------+-----------------+------------------------------------+----------------------------------------------------------------------+---------+
; exp7.bdf                         ; yes             ; User Block Diagram/Schematic File  ; C:/Computer_Organization/exp7/exp7.bdf                               ;         ;
; mem.mif                          ; yes             ; User Memory Initialization File    ; C:/Computer_Organization/exp7/mem.mif                                ;         ;
; pc_function.v                    ; yes             ; User Verilog HDL File              ; C:/Computer_Organization/exp7/pc_function.v                          ;         ;
; count_second.v                   ; yes             ; User Verilog HDL File              ; C:/Computer_Organization/exp7/count_second.v                         ;         ;
; segment_displays.v               ; yes             ; User Verilog HDL File              ; C:/Computer_Organization/exp7/segment_displays.v                     ;         ;
; output_files/keymodule.v         ; yes             ; User Verilog HDL File              ; C:/Computer_Organization/exp7/output_files/keymodule.v               ;         ;
; lpm_rom.tdf                      ; yes             ; Megafunction                       ; c:/altera/13.1/quartus/libraries/megafunctions/lpm_rom.tdf           ;         ;
; altrom.inc                       ; yes             ; Megafunction                       ; c:/altera/13.1/quartus/libraries/megafunctions/altrom.inc            ;         ;
; aglobal131.inc                   ; yes             ; Megafunction                       ; c:/altera/13.1/quartus/libraries/megafunctions/aglobal131.inc        ;         ;
; altrom.tdf                       ; yes             ; Megafunction                       ; c:/altera/13.1/quartus/libraries/megafunctions/altrom.tdf            ;         ;
; memmodes.inc                     ; yes             ; Megafunction                       ; c:/altera/13.1/quartus/libraries/others/maxplus2/memmodes.inc        ;         ;
; lpm_decode.inc                   ; yes             ; Megafunction                       ; c:/altera/13.1/quartus/libraries/megafunctions/lpm_decode.inc        ;         ;
; lpm_mux.inc                      ; yes             ; Megafunction                       ; c:/altera/13.1/quartus/libraries/megafunctions/lpm_mux.inc           ;         ;
; altsyncram.inc                   ; yes             ; Megafunction                       ; c:/altera/13.1/quartus/libraries/megafunctions/altsyncram.inc        ;         ;
; altsyncram.tdf                   ; yes             ; Megafunction                       ; c:/altera/13.1/quartus/libraries/megafunctions/altsyncram.tdf        ;         ;
; stratix_ram_block.inc            ; yes             ; Megafunction                       ; c:/altera/13.1/quartus/libraries/megafunctions/stratix_ram_block.inc ;         ;
; a_rdenreg.inc                    ; yes             ; Megafunction                       ; c:/altera/13.1/quartus/libraries/megafunctions/a_rdenreg.inc         ;         ;
; altram.inc                       ; yes             ; Megafunction                       ; c:/altera/13.1/quartus/libraries/megafunctions/altram.inc            ;         ;
; altdpram.inc                     ; yes             ; Megafunction                       ; c:/altera/13.1/quartus/libraries/megafunctions/altdpram.inc          ;         ;
; db/altsyncram_luv.tdf            ; yes             ; Auto-Generated Megafunction        ; C:/Computer_Organization/exp7/db/altsyncram_luv.tdf                  ;         ;
+----------------------------------+-----------------+------------------------------------+----------------------------------------------------------------------+---------+


+---------------------------------------------------------+
; Analysis & Synthesis Resource Usage Summary             ;
+---------------------------------------------+-----------+
; Resource                                    ; Usage     ;
+---------------------------------------------+-----------+
; Estimated Total logic elements              ; 205       ;
;                                             ;           ;
; Total combinational functions               ; 205       ;
; Logic element usage by number of LUT inputs ;           ;
;     -- 4 input functions                    ; 59        ;
;     -- 3 input functions                    ; 60        ;
;     -- <=2 input functions                  ; 86        ;
;                                             ;           ;
; Logic elements by mode                      ;           ;
;     -- normal mode                          ; 136       ;
;     -- arithmetic mode                      ; 69        ;
;                                             ;           ;
; Total registers                             ; 98        ;
;     -- Dedicated logic registers            ; 98        ;
;     -- I/O registers                        ; 0         ;
;                                             ;           ;
; I/O pins                                    ; 48        ;
; Total memory bits                           ; 4096      ;
; Embedded Multiplier 9-bit elements          ; 0         ;
; Maximum fan-out node                        ; clk~input ;
; Maximum fan-out                             ; 114       ;
; Total fan-out                               ; 1104      ;
; Average fan-out                             ; 2.66      ;
+---------------------------------------------+-----------+


+------------------------------------------------------------------------------------------------------------------------------------------------------------------------------------------------------------------------------------------------------------+
; Analysis & Synthesis Resource Utilization by Entity                                                                                                                                                                                                        ;
+---------------------------------------------+-------------------+--------------+-------------+--------------+---------+-----------+------+--------------+-----------------------------------------------------------------------------------+--------------+
; Compilation Hierarchy Node                  ; LC Combinationals ; LC Registers ; Memory Bits ; DSP Elements ; DSP 9x9 ; DSP 18x18 ; Pins ; Virtual Pins ; Full Hierarchy Name                                                               ; Library Name ;
+---------------------------------------------+-------------------+--------------+-------------+--------------+---------+-----------+------+--------------+-----------------------------------------------------------------------------------+--------------+
; |exp7                                       ; 205 (0)           ; 98 (0)       ; 4096        ; 0            ; 0       ; 0         ; 48   ; 0            ; |exp7                                                                             ; work         ;
;    |keymodule:inst3|                        ; 118 (118)         ; 51 (51)      ; 0           ; 0            ; 0       ; 0         ; 0    ; 0            ; |exp7|keymodule:inst3                                                             ; work         ;
;    |lpm_rom:inst|                           ; 0 (0)             ; 0 (0)        ; 4096        ; 0            ; 0       ; 0         ; 0    ; 0            ; |exp7|lpm_rom:inst                                                                ; work         ;
;       |altrom:srom|                         ; 0 (0)             ; 0 (0)        ; 4096        ; 0            ; 0       ; 0         ; 0    ; 0            ; |exp7|lpm_rom:inst|altrom:srom                                                    ; work         ;
;          |altsyncram:rom_block|             ; 0 (0)             ; 0 (0)        ; 4096        ; 0            ; 0       ; 0         ; 0    ; 0            ; |exp7|lpm_rom:inst|altrom:srom|altsyncram:rom_block                               ; work         ;
;             |altsyncram_luv:auto_generated| ; 0 (0)             ; 0 (0)        ; 4096        ; 0            ; 0       ; 0         ; 0    ; 0            ; |exp7|lpm_rom:inst|altrom:srom|altsyncram:rom_block|altsyncram_luv:auto_generated ; work         ;
;    |pc_function:inst1|                      ; 61 (11)           ; 40 (8)       ; 0           ; 0            ; 0       ; 0         ; 0    ; 0            ; |exp7|pc_function:inst1                                                           ; work         ;
;       |count_second:cs|                     ; 50 (50)           ; 32 (32)      ; 0           ; 0            ; 0       ; 0         ; 0    ; 0            ; |exp7|pc_function:inst1|count_second:cs                                           ; work         ;
;    |segment_displays:inst2|                 ; 26 (26)           ; 7 (7)        ; 0           ; 0            ; 0       ; 0         ; 0    ; 0            ; |exp7|segment_displays:inst2                                                      ; work         ;
+---------------------------------------------+-------------------+--------------+-------------+--------------+---------+-----------+------+--------------+-----------------------------------------------------------------------------------+--------------+
Note: For table entries with two numbers listed, the numbers in parentheses indicate the number of resources of the given type used by the specific entity alone. The numbers listed outside of parentheses indicate the total resources of the given type used by the specific entity and all of its sub-entities in the hierarchy.


+-----------------------------------------------------------------------------------------------------------------------------------------------------------------------------------+
; Analysis & Synthesis RAM Summary                                                                                                                                                  ;
+----------------------------------------------------------------------------------------+------+------+--------------+--------------+--------------+--------------+------+---------+
; Name                                                                                   ; Type ; Mode ; Port A Depth ; Port A Width ; Port B Depth ; Port B Width ; Size ; MIF     ;
+----------------------------------------------------------------------------------------+------+------+--------------+--------------+--------------+--------------+------+---------+
; lpm_rom:inst|altrom:srom|altsyncram:rom_block|altsyncram_luv:auto_generated|ALTSYNCRAM ; AUTO ; ROM  ; 256          ; 16           ; --           ; --           ; 4096 ; mem.mif ;
+----------------------------------------------------------------------------------------+------+------+--------------+--------------+--------------+--------------+------+---------+


+------------------------------------------------------+
; General Register Statistics                          ;
+----------------------------------------------+-------+
; Statistic                                    ; Value ;
+----------------------------------------------+-------+
; Total registers                              ; 98    ;
; Number of registers using Synchronous Clear  ; 4     ;
; Number of registers using Synchronous Load   ; 12    ;
; Number of registers using Asynchronous Clear ; 8     ;
; Number of registers using Asynchronous Load  ; 0     ;
; Number of registers using Clock Enable       ; 58    ;
; Number of registers using Preset             ; 0     ;
+----------------------------------------------+-------+


+--------------------------------------------------+
; Inverted Register Statistics                     ;
+----------------------------------------+---------+
; Inverted Register                      ; Fan out ;
+----------------------------------------+---------+
; keymodule:inst3|num[4]                 ; 1       ;
; keymodule:inst3|count_num[0]           ; 4       ;
; Total number of inverted registers = 2 ;         ;
+----------------------------------------+---------+


+---------------------------------------------------------------------------------------------------------------------------------------------------+
; Multiplexer Restructuring Statistics (Restructuring Performed)                                                                                    ;
+--------------------+-----------+---------------+----------------------+------------------------+------------+-------------------------------------+
; Multiplexer Inputs ; Bus Width ; Baseline Area ; Area if Restructured ; Saving if Restructured ; Registered ; Example Multiplexer Output          ;
+--------------------+-----------+---------------+----------------------+------------------------+------------+-------------------------------------+
; 3:1                ; 31 bits   ; 62 LEs        ; 31 LEs               ; 31 LEs                 ; Yes        ; |exp7|keymodule:inst3|count_num[27] ;
; 8:1                ; 4 bits    ; 20 LEs        ; 16 LEs               ; 4 LEs                  ; Yes        ; |exp7|segment_displays:inst2|num[2] ;
; 4:1                ; 8 bits    ; 16 LEs        ; 8 LEs                ; 8 LEs                  ; Yes        ; |exp7|keymodule:inst3|out[1]        ;
; 4:1                ; 8 bits    ; 16 LEs        ; 8 LEs                ; 8 LEs                  ; Yes        ; |exp7|pc_function:inst1|PC[0]       ;
; 257:1              ; 4 bits    ; 684 LEs       ; 48 LEs               ; 636 LEs                ; No         ; |exp7|keymodule:inst3|num           ;
+--------------------+-----------+---------------+----------------------+------------------------+------------+-------------------------------------+


+----------------------------------------------------------------------------------------------------+
; Source assignments for LPM_ROM:inst|altrom:srom|altsyncram:rom_block|altsyncram_luv:auto_generated ;
+---------------------------------+--------------------+------+--------------------------------------+
; Assignment                      ; Value              ; From ; To                                   ;
+---------------------------------+--------------------+------+--------------------------------------+
; OPTIMIZE_POWER_DURING_SYNTHESIS ; NORMAL_COMPILATION ; -    ; -                                    ;
+---------------------------------+--------------------+------+--------------------------------------+


+-----------------------------------------------------------+
; Parameter Settings for User Entity Instance: LPM_ROM:inst ;
+------------------------+--------------+-------------------+
; Parameter Name         ; Value        ; Type              ;
+------------------------+--------------+-------------------+
; LPM_WIDTH              ; 16           ; Untyped           ;
; LPM_WIDTHAD            ; 8            ; Untyped           ;
; LPM_NUMWORDS           ; 256          ; Untyped           ;
; LPM_ADDRESS_CONTROL    ; REGISTERED   ; Untyped           ;
; LPM_OUTDATA            ; UNREGISTERED ; Untyped           ;
; LPM_FILE               ; mem.mif      ; Untyped           ;
; DEVICE_FAMILY          ; Cyclone III  ; Untyped           ;
; AUTO_CARRY_CHAINS      ; ON           ; AUTO_CARRY        ;
; IGNORE_CARRY_BUFFERS   ; OFF          ; IGNORE_CARRY      ;
; AUTO_CASCADE_CHAINS    ; ON           ; AUTO_CASCADE      ;
; IGNORE_CASCADE_BUFFERS ; OFF          ; IGNORE_CASCADE    ;
+------------------------+--------------+-------------------+
Note: In order to hide this table in the UI and the text report file, please set the "Show Parameter Settings in Synthesis Report" option in "Analysis and Synthesis Settings -> More Settings" to "Off".


+-------------------------------+
; Elapsed Time Per Partition    ;
+----------------+--------------+
; Partition Name ; Elapsed Time ;
+----------------+--------------+
; Top            ; 00:00:02     ;
+----------------+--------------+


+-------------------------------+
; Analysis & Synthesis Messages ;
+-------------------------------+
Info: *******************************************************************
Info: Running Quartus II 64-Bit Analysis & Synthesis
    Info: Version 13.1.0 Build 162 10/23/2013 SJ Full Version
    Info: Processing started: Sun May 21 16:56:33 2023
Info: Command: quartus_map --read_settings_files=on --write_settings_files=off exp7 -c exp7
Info (11104): Parallel Compilation has detected 8 hyper-threaded processors. However, the extra hyper-threaded processors will not be used by default. Parallel Compilation will use 4 of the 4 physical processors detected instead.
Info (12021): Found 1 design units, including 1 entities, in source file exp7.bdf
    Info (12023): Found entity 1: exp7
Info (12021): Found 1 design units, including 1 entities, in source file pc_function.v
    Info (12023): Found entity 1: pc_function
Info (12021): Found 1 design units, including 1 entities, in source file count_second.v
    Info (12023): Found entity 1: count_second
Info (12021): Found 1 design units, including 1 entities, in source file segment_displays.v
    Info (12023): Found entity 1: segment_displays
Info (12021): Found 1 design units, including 1 entities, in source file output_files/keymodule.v
    Info (12023): Found entity 1: keymodule
Info (12127): Elaborating entity "exp7" for the top level hierarchy
Warning (275006): Can't find a definition for parameter LPM_FILE -- assuming mem.mif was intended to be a quoted string
Info (12128): Elaborating entity "segment_displays" for hierarchy "segment_displays:inst2"
Warning (10230): Verilog HDL assignment warning at segment_displays.v(9): truncated value with size 32 to match size of target (3)
Info (12128): Elaborating entity "LPM_ROM" for hierarchy "LPM_ROM:inst"
Info (12130): Elaborated megafunction instantiation "LPM_ROM:inst"
Info (12133): Instantiated megafunction "LPM_ROM:inst" with the following parameter:
    Info (12134): Parameter "LPM_ADDRESS_CONTROL" = "REGISTERED"
    Info (12134): Parameter "LPM_FILE" = "mem.mif"
    Info (12134): Parameter "LPM_NUMWORDS" = "256"
    Info (12134): Parameter "LPM_OUTDATA" = "UNREGISTERED"
    Info (12134): Parameter "LPM_WIDTH" = "16"
    Info (12134): Parameter "LPM_WIDTHAD" = "8"
Info (12128): Elaborating entity "altrom" for hierarchy "LPM_ROM:inst|altrom:srom"
Info (12131): Elaborated megafunction instantiation "LPM_ROM:inst|altrom:srom", which is child of megafunction instantiation "LPM_ROM:inst"
Info (12128): Elaborating entity "altsyncram" for hierarchy "LPM_ROM:inst|altrom:srom|altsyncram:rom_block"
Info (12131): Elaborated megafunction instantiation "LPM_ROM:inst|altrom:srom|altsyncram:rom_block", which is child of megafunction instantiation "LPM_ROM:inst"
Info (12021): Found 1 design units, including 1 entities, in source file db/altsyncram_luv.tdf
    Info (12023): Found entity 1: altsyncram_luv
Info (12128): Elaborating entity "altsyncram_luv" for hierarchy "LPM_ROM:inst|altrom:srom|altsyncram:rom_block|altsyncram_luv:auto_generated"
Info (12128): Elaborating entity "pc_function" for hierarchy "pc_function:inst1"
Warning (10230): Verilog HDL assignment warning at pc_function.v(16): truncated value with size 32 to match size of target (8)
Warning (10230): Verilog HDL assignment warning at pc_function.v(20): truncated value with size 32 to match size of target (8)
Info (12128): Elaborating entity "count_second" for hierarchy "pc_function:inst1|count_second:cs"
Info (12128): Elaborating entity "keymodule" for hierarchy "keymodule:inst3"
Warning (10230): Verilog HDL assignment warning at keymodule.v(22): truncated value with size 16 to match size of target (8)
Warning (13044): Always-enabled tri-state buffer(s) removed
    Warning (13045): Converted the fanout from the always-enabled tri-state buffer "lpm_rom:inst|otri[15]" to the node "out_num[15]" into a wire
    Warning (13045): Converted the fanout from the always-enabled tri-state buffer "lpm_rom:inst|otri[14]" to the node "out_num[14]" into a wire
    Warning (13045): Converted the fanout from the always-enabled tri-state buffer "lpm_rom:inst|otri[13]" to the node "out_num[13]" into a wire
    Warning (13045): Converted the fanout from the always-enabled tri-state buffer "lpm_rom:inst|otri[12]" to the node "out_num[12]" into a wire
    Warning (13045): Converted the fanout from the always-enabled tri-state buffer "lpm_rom:inst|otri[11]" to the node "out_num[11]" into a wire
    Warning (13045): Converted the fanout from the always-enabled tri-state buffer "lpm_rom:inst|otri[10]" to the node "out_num[10]" into a wire
    Warning (13045): Converted the fanout from the always-enabled tri-state buffer "lpm_rom:inst|otri[9]" to the node "out_num[9]" into a wire
    Warning (13045): Converted the fanout from the always-enabled tri-state buffer "lpm_rom:inst|otri[8]" to the node "out_num[8]" into a wire
    Warning (13045): Converted the fanout from the always-enabled tri-state buffer "lpm_rom:inst|otri[7]" to the node "out_num[7]" into a wire
    Warning (13045): Converted the fanout from the always-enabled tri-state buffer "lpm_rom:inst|otri[6]" to the node "out_num[6]" into a wire
    Warning (13045): Converted the fanout from the always-enabled tri-state buffer "lpm_rom:inst|otri[5]" to the node "out_num[5]" into a wire
    Warning (13045): Converted the fanout from the always-enabled tri-state buffer "lpm_rom:inst|otri[4]" to the node "out_num[4]" into a wire
    Warning (13045): Converted the fanout from the always-enabled tri-state buffer "lpm_rom:inst|otri[3]" to the node "out_num[3]" into a wire
    Warning (13045): Converted the fanout from the always-enabled tri-state buffer "lpm_rom:inst|otri[2]" to the node "out_num[2]" into a wire
    Warning (13045): Converted the fanout from the always-enabled tri-state buffer "lpm_rom:inst|otri[1]" to the node "out_num[1]" into a wire
    Warning (13045): Converted the fanout from the always-enabled tri-state buffer "lpm_rom:inst|otri[0]" to the node "out_num[0]" into a wire
    Warning (13045): Converted the fanout from the always-enabled tri-state buffer "lpm_rom:inst|otri[15]" to the node "segment_displays:inst2|Mux0" into a wire
    Warning (13045): Converted the fanout from the always-enabled tri-state buffer "lpm_rom:inst|otri[14]" to the node "segment_displays:inst2|Mux1" into a wire
    Warning (13045): Converted the fanout from the always-enabled tri-state buffer "lpm_rom:inst|otri[13]" to the node "segment_displays:inst2|Mux2" into a wire
    Warning (13045): Converted the fanout from the always-enabled tri-state buffer "lpm_rom:inst|otri[12]" to the node "segment_displays:inst2|Mux3" into a wire
    Warning (13045): Converted the fanout from the always-enabled tri-state buffer "lpm_rom:inst|otri[11]" to the node "segment_displays:inst2|num[3]" into a wire
    Warning (13045): Converted the fanout from the always-enabled tri-state buffer "lpm_rom:inst|otri[10]" to the node "segment_displays:inst2|num[2]" into a wire
    Warning (13045): Converted the fanout from the always-enabled tri-state buffer "lpm_rom:inst|otri[9]" to the node "segment_displays:inst2|num[1]" into a wire
    Warning (13045): Converted the fanout from the always-enabled tri-state buffer "lpm_rom:inst|otri[8]" to the node "segment_displays:inst2|num[0]" into a wire
    Warning (13045): Converted the fanout from the always-enabled tri-state buffer "lpm_rom:inst|otri[7]" to the node "segment_displays:inst2|num[3]" into a wire
    Warning (13045): Converted the fanout from the always-enabled tri-state buffer "lpm_rom:inst|otri[6]" to the node "segment_displays:inst2|num[2]" into a wire
    Warning (13045): Converted the fanout from the always-enabled tri-state buffer "lpm_rom:inst|otri[5]" to the node "segment_displays:inst2|num[1]" into a wire
    Warning (13045): Converted the fanout from the always-enabled tri-state buffer "lpm_rom:inst|otri[4]" to the node "segment_displays:inst2|num[0]" into a wire
    Warning (13045): Converted the fanout from the always-enabled tri-state buffer "lpm_rom:inst|otri[3]" to the node "segment_displays:inst2|Mux0" into a wire
    Warning (13045): Converted the fanout from the always-enabled tri-state buffer "lpm_rom:inst|otri[2]" to the node "segment_displays:inst2|Mux1" into a wire
    Warning (13045): Converted the fanout from the always-enabled tri-state buffer "lpm_rom:inst|otri[1]" to the node "segment_displays:inst2|Mux2" into a wire
    Warning (13045): Converted the fanout from the always-enabled tri-state buffer "lpm_rom:inst|otri[0]" to the node "segment_displays:inst2|Mux3" into a wire
Warning (13024): Output pins are stuck at VCC or GND
    Warning (13410): Pin "codeout[7]" is stuck at GND
Info (286030): Timing-Driven Synthesis is running
Info (144001): Generated suppressed messages file C:/Computer_Organization/exp7/output_files/exp7.map.smsg
Info (16010): Generating hard_block partition "hard_block:auto_generated_inst"
    Info (16011): Adding 0 node(s), including 0 DDIO, 0 PLL, 0 transceiver and 0 LCELL
Info (21057): Implemented 274 device resources after synthesis - the final resource count might be different
    Info (21058): Implemented 9 input pins
    Info (21059): Implemented 39 output pins
    Info (21061): Implemented 210 logic cells
    Info (21064): Implemented 16 RAM segments
Info: Quartus II 64-Bit Analysis & Synthesis was successful. 0 errors, 40 warnings
    Info: Peak virtual memory: 4673 megabytes
    Info: Processing ended: Sun May 21 16:56:38 2023
    Info: Elapsed time: 00:00:05
    Info: Total CPU time (on all processors): 00:00:03


+------------------------------------------+
; Analysis & Synthesis Suppressed Messages ;
+------------------------------------------+
The suppressed messages can be found in C:/Computer_Organization/exp7/output_files/exp7.map.smsg.


